<?xml version="1.0" encoding="UTF-8"?>
<testng-results skipped="0" failed="0" ignored="0" total="1" passed="1">
  <reporter-output>
  </reporter-output>
  <suite name="Default suite" duration-ms="4791" started-at="2017-11-13T12:17:21Z" finished-at="2017-11-13T12:17:26Z">
    <groups>
    </groups>
    <test name="Default test" duration-ms="4791" started-at="2017-11-13T12:17:21Z" finished-at="2017-11-13T12:17:26Z">
      <class name="testng01.test001">
        <test-method status="PASS" signature="beforeMethod()[pri:0, instance:testng01.test001@7f9a81e8]" name="beforeMethod" is-config="true" duration-ms="3802" started-at="2017-11-13T19:17:21Z" finished-at="2017-11-13T19:17:25Z">
          <reporter-output>
          </reporter-output>
        </test-method> <!-- beforeMethod -->
        <test-method status="PASS" signature="main()[pri:0, instance:testng01.test001@7f9a81e8]" name="main" duration-ms="885" started-at="2017-11-13T19:17:25Z" finished-at="2017-11-13T19:17:26Z">
          <reporter-output>
          </reporter-output>
        </test-method> <!-- main -->
        <test-method status="PASS" signature="afterMethod()[pri:0, instance:testng01.test001@7f9a81e8]" name="afterMethod" is-config="true" duration-ms="71" started-at="2017-11-13T19:17:26Z" finished-at="2017-11-13T19:17:26Z">
          <reporter-output>
          </reporter-output>
        </test-method> <!-- afterMethod -->
      </class> <!-- testng01.test001 -->
    </test> <!-- Default test -->
  </suite> <!-- Default suite -->
</testng-results>
